<?xml version="1.0" encoding="UTF-8"?>
<!-- Generated by org.testng.reporters.JUnitReportReporter -->
<testsuite hostname="LokeshVasikarla" failures="0" tests="4" name="api.tests.UserTests" time="3.313" errors="0" timestamp="2024-12-10T18:41:09 EST" skipped="0">
  <testcase classname="api.tests.UserTests" name="testPostUser" time="2.476"/>
  <testcase classname="api.tests.UserTests" name="testGetUserByName" time="0.227"/>
  <testcase classname="api.tests.UserTests" name="testUpdateUserByName" time="0.402"/>
  <testcase classname="api.tests.UserTests" name="testDeleteUserByName" time="0.208"/>
</testsuite> <!-- api.tests.UserTests -->
