<?xml version="1.0" encoding="UTF-8"?>
<!-- Generated by org.testng.reporters.JUnitReportReporter -->
<testsuite hostname="LokeshVasikarla" failures="0" tests="4" name="api.tests.UserTests2" time="4.163" errors="0" timestamp="2024-12-11T13:04:39 EST" skipped="0">
  <testcase classname="api.tests.UserTests2" name="testPostUser" time="2.885"/>
  <testcase classname="api.tests.UserTests2" name="testGetUserByName" time="0.262"/>
  <testcase classname="api.tests.UserTests2" name="testUpdateUserByName" time="0.612"/>
  <testcase classname="api.tests.UserTests2" name="testDeleteUserByName" time="0.404"/>
</testsuite> <!-- api.tests.UserTests2 -->
