<?xml version="1.0" encoding="UTF-8"?>
<!-- Generated by org.testng.reporters.JUnitReportReporter -->
<testsuite hostname="LokeshVasikarla" failures="0" tests="9" name="api.tests.DataDrivenTests" time="5.128" errors="0" timestamp="2024-12-10T17:43:23 EST" skipped="0">
  <testcase classname="api.tests.DataDrivenTests" name="testPostUser" time="0.374"/>
  <testcase classname="api.tests.DataDrivenTests" name="testPostUser" time="0.327"/>
  <testcase classname="api.tests.DataDrivenTests" name="testPostUser" time="2.807"/>
  <testcase classname="api.tests.DataDrivenTests" name="testGetUserByName" time="0.255"/>
  <testcase classname="api.tests.DataDrivenTests" name="testGetUserByName" time="0.346"/>
  <testcase classname="api.tests.DataDrivenTests" name="testGetUserByName" time="0.232"/>
  <testcase classname="api.tests.DataDrivenTests" name="testDeleteUserByName" time="0.214"/>
  <testcase classname="api.tests.DataDrivenTests" name="testDeleteUserByName" time="0.262"/>
  <testcase classname="api.tests.DataDrivenTests" name="testDeleteUserByName" time="0.311"/>
</testsuite> <!-- api.tests.DataDrivenTests -->
