<?xml version="1.0" encoding="UTF-8"?>
<!-- Generated by org.testng.reporters.JUnitReportReporter -->
<testsuite hostname="LokeshVasikarla" failures="0" tests="4" name="api.tests.UserTests2" time="5.667" errors="0" timestamp="2024-12-12T13:10:24 EST" skipped="0">
  <testcase classname="api.tests.UserTests2" name="testPostUser" time="4.590"/>
  <testcase classname="api.tests.UserTests2" name="testGetUserByName" time="0.309"/>
  <testcase classname="api.tests.UserTests2" name="testUpdateUserByName" time="0.479"/>
  <testcase classname="api.tests.UserTests2" name="testDeleteUserByName" time="0.289"/>
</testsuite> <!-- api.tests.UserTests2 -->
